{"/Users/shawntuttle/apps/hungry-monster-pre-react/src/js/app.js": {"path":"/Users/shawntuttle/apps/hungry-monster-pre-react/src/js/app.js","statementMap":{"0":{"start":{"line":2,"column":0},"end":{"line":11,"column":1}},"1":{"start":{"line":3,"column":1},"end":{"line":3,"column":24}},"2":{"start":{"line":4,"column":17},"end":{"line":4,"column":39}},"3":{"start":{"line":5,"column":17},"end":{"line":5,"column":39}},"4":{"start":{"line":8,"column":1},"end":{"line":8,"column":36}},"5":{"start":{"line":9,"column":1},"end":{"line":9,"column":196}},"6":{"start":{"line":10,"column":1},"end":{"line":10,"column":78}},"7":{"start":{"line":13,"column":0},"end":{"line":13,"column":77}},"8":{"start":{"line":16,"column":1},"end":{"line":16,"column":19}}},"fnMap":{"0":{"name":"reloadPage","decl":{"start":{"line":15,"column":9},"end":{"line":15,"column":19}},"loc":{"start":{"line":15,"column":22},"end":{"line":17,"column":1}},"line":15}},"branchMap":{"0":{"loc":{"start":{"line":2,"column":0},"end":{"line":11,"column":1}},"type":"if","locations":[{"start":{"line":2,"column":0},"end":{"line":11,"column":1}},{"start":{"line":2,"column":0},"end":{"line":11,"column":1}}],"line":2}},"s":{"0":0,"1":0,"2":0,"3":0,"4":0,"5":0,"6":0,"7":0,"8":0},"f":{"0":0},"b":{"0":[0,0]}}
,"/Users/shawntuttle/apps/hungry-monster-pre-react/src/js/gameSetUp.js": {"path":"/Users/shawntuttle/apps/hungry-monster-pre-react/src/js/gameSetUp.js","statementMap":{"0":{"start":{"line":1,"column":16},"end":{"line":149,"column":4}},"1":{"start":{"line":2,"column":2},"end":{"line":147,"column":3}},"2":{"start":{"line":8,"column":17},"end":{"line":8,"column":18}},"3":{"start":{"line":10,"column":6},"end":{"line":11,"column":23}},"4":{"start":{"line":10,"column":32},"end":{"line":10,"column":44}},"5":{"start":{"line":11,"column":11},"end":{"line":11,"column":23}},"6":{"start":{"line":13,"column":6},"end":{"line":13,"column":17}},"7":{"start":{"line":16,"column":6},"end":{"line":18,"column":23}},"8":{"start":{"line":21,"column":6},"end":{"line":21,"column":60}},"9":{"start":{"line":22,"column":6},"end":{"line":22,"column":28}},"10":{"start":{"line":24,"column":6},"end":{"line":24,"column":75}},"11":{"start":{"line":25,"column":6},"end":{"line":25,"column":76}},"12":{"start":{"line":28,"column":7},"end":{"line":36,"column":8}},"13":{"start":{"line":29,"column":19},"end":{"line":29,"column":41}},"14":{"start":{"line":30,"column":9},"end":{"line":35,"column":10}},"15":{"start":{"line":31,"column":11},"end":{"line":31,"column":33}},"16":{"start":{"line":33,"column":24},"end":{"line":33,"column":58}},"17":{"start":{"line":34,"column":11},"end":{"line":34,"column":36}},"18":{"start":{"line":38,"column":7},"end":{"line":38,"column":19}},"19":{"start":{"line":41,"column":6},"end":{"line":51,"column":7}},"20":{"start":{"line":42,"column":25},"end":{"line":42,"column":40}},"21":{"start":{"line":43,"column":17},"end":{"line":43,"column":47}},"22":{"start":{"line":44,"column":17},"end":{"line":44,"column":47}},"23":{"start":{"line":45,"column":22},"end":{"line":45,"column":49}},"24":{"start":{"line":47,"column":8},"end":{"line":50,"column":9}},"25":{"start":{"line":48,"column":10},"end":{"line":48,"column":38}},"26":{"start":{"line":49,"column":10},"end":{"line":49,"column":44}},"27":{"start":{"line":52,"column":6},"end":{"line":52,"column":17}},"28":{"start":{"line":55,"column":25},"end":{"line":55,"column":44}},"29":{"start":{"line":56,"column":14},"end":{"line":56,"column":52}},"30":{"start":{"line":57,"column":14},"end":{"line":57,"column":19}},"31":{"start":{"line":58,"column":28},"end":{"line":58,"column":49}},"32":{"start":{"line":59,"column":28},"end":{"line":59,"column":49}},"33":{"start":{"line":61,"column":6},"end":{"line":61,"column":53}},"34":{"start":{"line":64,"column":17},"end":{"line":64,"column":28}},"35":{"start":{"line":65,"column":21},"end":{"line":65,"column":32}},"36":{"start":{"line":66,"column":30},"end":{"line":66,"column":47}},"37":{"start":{"line":68,"column":6},"end":{"line":119,"column":8}},"38":{"start":{"line":69,"column":23},"end":{"line":69,"column":50}},"39":{"start":{"line":70,"column":23},"end":{"line":70,"column":69}},"40":{"start":{"line":71,"column":25},"end":{"line":71,"column":70}},"41":{"start":{"line":72,"column":25},"end":{"line":72,"column":71}},"42":{"start":{"line":74,"column":22},"end":{"line":82,"column":10}},"43":{"start":{"line":83,"column":8},"end":{"line":83,"column":27}},"44":{"start":{"line":85,"column":22},"end":{"line":90,"column":10}},"45":{"start":{"line":92,"column":8},"end":{"line":104,"column":12}},"46":{"start":{"line":105,"column":8},"end":{"line":115,"column":12}},"47":{"start":{"line":116,"column":8},"end":{"line":116,"column":27}},"48":{"start":{"line":117,"column":8},"end":{"line":117,"column":25}},"49":{"start":{"line":118,"column":8},"end":{"line":118,"column":25}},"50":{"start":{"line":120,"column":6},"end":{"line":120,"column":58}},"51":{"start":{"line":123,"column":24},"end":{"line":123,"column":36}},"52":{"start":{"line":124,"column":19},"end":{"line":124,"column":84}},"53":{"start":{"line":125,"column":6},"end":{"line":142,"column":7}},"54":{"start":{"line":126,"column":22},"end":{"line":126,"column":36}},"55":{"start":{"line":127,"column":21},"end":{"line":140,"column":10}},"56":{"start":{"line":141,"column":8},"end":{"line":141,"column":26}},"57":{"start":{"line":152,"column":0},"end":{"line":152,"column":27}}},"fnMap":{"0":{"name":"(anonymous_0)","decl":{"start":{"line":1,"column":17},"end":{"line":1,"column":18}},"loc":{"start":{"line":1,"column":29},"end":{"line":149,"column":1}},"line":1},"1":{"name":"(anonymous_1)","decl":{"start":{"line":7,"column":16},"end":{"line":7,"column":17}},"loc":{"start":{"line":7,"column":38},"end":{"line":14,"column":5}},"line":7},"2":{"name":"(anonymous_2)","decl":{"start":{"line":15,"column":10},"end":{"line":15,"column":11}},"loc":{"start":{"line":15,"column":33},"end":{"line":19,"column":5}},"line":15},"3":{"name":"(anonymous_3)","decl":{"start":{"line":20,"column":12},"end":{"line":20,"column":13}},"loc":{"start":{"line":20,"column":23},"end":{"line":26,"column":5}},"line":20},"4":{"name":"(anonymous_4)","decl":{"start":{"line":27,"column":19},"end":{"line":27,"column":20}},"loc":{"start":{"line":27,"column":34},"end":{"line":39,"column":5}},"line":27},"5":{"name":"(anonymous_5)","decl":{"start":{"line":40,"column":19},"end":{"line":40,"column":20}},"loc":{"start":{"line":40,"column":39},"end":{"line":53,"column":5}},"line":40},"6":{"name":"(anonymous_6)","decl":{"start":{"line":54,"column":18},"end":{"line":54,"column":19}},"loc":{"start":{"line":54,"column":33},"end":{"line":62,"column":5}},"line":54},"7":{"name":"(anonymous_7)","decl":{"start":{"line":63,"column":16},"end":{"line":63,"column":17}},"loc":{"start":{"line":63,"column":71},"end":{"line":121,"column":5}},"line":63},"8":{"name":"(anonymous_8)","decl":{"start":{"line":68,"column":24},"end":{"line":68,"column":25}},"loc":{"start":{"line":68,"column":35},"end":{"line":119,"column":7}},"line":68},"9":{"name":"(anonymous_9)","decl":{"start":{"line":122,"column":17},"end":{"line":122,"column":18}},"loc":{"start":{"line":122,"column":49},"end":{"line":143,"column":5}},"line":122},"10":{"name":"(anonymous_10)","decl":{"start":{"line":144,"column":25},"end":{"line":144,"column":26}},"loc":{"start":{"line":144,"column":47},"end":{"line":146,"column":5}},"line":144}},"branchMap":{"0":{"loc":{"start":{"line":10,"column":6},"end":{"line":11,"column":23}},"type":"if","locations":[{"start":{"line":10,"column":6},"end":{"line":11,"column":23}},{"start":{"line":10,"column":6},"end":{"line":11,"column":23}}],"line":10},"1":{"loc":{"start":{"line":30,"column":9},"end":{"line":35,"column":10}},"type":"if","locations":[{"start":{"line":30,"column":9},"end":{"line":35,"column":10}},{"start":{"line":30,"column":9},"end":{"line":35,"column":10}}],"line":30},"2":{"loc":{"start":{"line":47,"column":8},"end":{"line":50,"column":9}},"type":"if","locations":[{"start":{"line":47,"column":8},"end":{"line":50,"column":9}},{"start":{"line":47,"column":8},"end":{"line":50,"column":9}}],"line":47},"3":{"loc":{"start":{"line":47,"column":12},"end":{"line":47,"column":40}},"type":"binary-expr","locations":[{"start":{"line":47,"column":12},"end":{"line":47,"column":24}},{"start":{"line":47,"column":28},"end":{"line":47,"column":40}}],"line":47}},"s":{"0":1,"1":1,"2":1,"3":1,"4":0,"5":1,"6":1,"7":0,"8":0,"9":0,"10":0,"11":0,"12":0,"13":0,"14":0,"15":0,"16":0,"17":0,"18":0,"19":0,"20":0,"21":0,"22":0,"23":0,"24":0,"25":0,"26":0,"27":0,"28":0,"29":0,"30":0,"31":0,"32":0,"33":0,"34":0,"35":0,"36":0,"37":0,"38":0,"39":0,"40":0,"41":0,"42":0,"43":0,"44":0,"45":0,"46":0,"47":0,"48":0,"49":0,"50":0,"51":0,"52":0,"53":0,"54":0,"55":0,"56":0,"57":1},"f":{"0":1,"1":1,"2":0,"3":0,"4":0,"5":0,"6":0,"7":0,"8":0,"9":0,"10":0},"b":{"0":[0,1],"1":[0,0],"2":[0,0],"3":[0,0]},"_coverageSchema":"332fd63041d2c1bcb487cc26dd0d5f7d97098a6c","hash":"bddd82058646a21446a9fc185c958109d7f99db7"}
,"/Users/shawntuttle/apps/hungry-monster-pre-react/src/js/konvaGame.js": {"path":"/Users/shawntuttle/apps/hungry-monster-pre-react/src/js/konvaGame.js","statementMap":{"0":{"start":{"line":1,"column":12},"end":{"line":1,"column":28}},"1":{"start":{"line":2,"column":16},"end":{"line":2,"column":38}},"2":{"start":{"line":3,"column":15},"end":{"line":3,"column":42}},"3":{"start":{"line":6,"column":16},"end":{"line":6,"column":29}},"4":{"start":{"line":7,"column":12},"end":{"line":7,"column":35}},"5":{"start":{"line":8,"column":13},"end":{"line":8,"column":37}},"6":{"start":{"line":10,"column":12},"end":{"line":13,"column":19}},"7":{"start":{"line":16,"column":12},"end":{"line":16,"column":29}},"8":{"start":{"line":18,"column":12},"end":{"line":23,"column":23}},"9":{"start":{"line":26,"column":20},"end":{"line":26,"column":48}},"10":{"start":{"line":27,"column":17},"end":{"line":27,"column":46}},"11":{"start":{"line":28,"column":17},"end":{"line":28,"column":44}},"12":{"start":{"line":30,"column":11},"end":{"line":40,"column":28}},"13":{"start":{"line":43,"column":27},"end":{"line":43,"column":55}},"14":{"start":{"line":45,"column":22},"end":{"line":54,"column":35}},"15":{"start":{"line":57,"column":16},"end":{"line":57,"column":18}},"16":{"start":{"line":58,"column":16},"end":{"line":58,"column":33}},"17":{"start":{"line":59,"column":0},"end":{"line":59,"column":27}},"18":{"start":{"line":60,"column":0},"end":{"line":60,"column":16}},"19":{"start":{"line":61,"column":0},"end":{"line":61,"column":17}},"20":{"start":{"line":62,"column":0},"end":{"line":62,"column":21}},"21":{"start":{"line":64,"column":21},"end":{"line":64,"column":49}},"22":{"start":{"line":65,"column":24},"end":{"line":65,"column":52}},"23":{"start":{"line":67,"column":13},"end":{"line":76,"column":1}},"24":{"start":{"line":68,"column":2},"end":{"line":68,"column":31}},"25":{"start":{"line":70,"column":2},"end":{"line":70,"column":32}},"26":{"start":{"line":71,"column":2},"end":{"line":71,"column":53}},"27":{"start":{"line":72,"column":2},"end":{"line":72,"column":31}},"28":{"start":{"line":73,"column":2},"end":{"line":73,"column":69}},"29":{"start":{"line":75,"column":2},"end":{"line":75,"column":15}},"30":{"start":{"line":78,"column":0},"end":{"line":78,"column":80}},"31":{"start":{"line":81,"column":2},"end":{"line":87,"column":5}},"32":{"start":{"line":84,"column":4},"end":{"line":84,"column":31}},"33":{"start":{"line":85,"column":4},"end":{"line":85,"column":18}},"34":{"start":{"line":86,"column":4},"end":{"line":86,"column":17}},"35":{"start":{"line":90,"column":2},"end":{"line":130,"column":5}},"36":{"start":{"line":91,"column":14},"end":{"line":91,"column":40}},"37":{"start":{"line":92,"column":16},"end":{"line":92,"column":42}},"38":{"start":{"line":93,"column":4},"end":{"line":129,"column":5}},"39":{"start":{"line":94,"column":6},"end":{"line":114,"column":7}},"40":{"start":{"line":96,"column":8},"end":{"line":100,"column":14}},"41":{"start":{"line":102,"column":8},"end":{"line":106,"column":14}},"42":{"start":{"line":107,"column":8},"end":{"line":107,"column":30}},"43":{"start":{"line":109,"column":8},"end":{"line":113,"column":14}},"44":{"start":{"line":115,"column":11},"end":{"line":129,"column":5}},"45":{"start":{"line":116,"column":6},"end":{"line":116,"column":28}},"46":{"start":{"line":117,"column":6},"end":{"line":121,"column":12}},"47":{"start":{"line":122,"column":11},"end":{"line":129,"column":5}},"48":{"start":{"line":123,"column":6},"end":{"line":127,"column":12}},"49":{"start":{"line":128,"column":6},"end":{"line":128,"column":32}},"50":{"start":{"line":131,"column":2},"end":{"line":145,"column":5}},"51":{"start":{"line":132,"column":14},"end":{"line":132,"column":40}},"52":{"start":{"line":133,"column":16},"end":{"line":133,"column":42}},"53":{"start":{"line":134,"column":4},"end":{"line":140,"column":5}},"54":{"start":{"line":135,"column":6},"end":{"line":139,"column":12}},"55":{"start":{"line":141,"column":4},"end":{"line":141,"column":30}},"56":{"start":{"line":142,"column":4},"end":{"line":142,"column":27}},"57":{"start":{"line":143,"column":4},"end":{"line":143,"column":17}},"58":{"start":{"line":144,"column":4},"end":{"line":144,"column":21}},"59":{"start":{"line":146,"column":2},"end":{"line":151,"column":5}},"60":{"start":{"line":147,"column":4},"end":{"line":149,"column":5}},"61":{"start":{"line":148,"column":6},"end":{"line":148,"column":36}},"62":{"start":{"line":150,"column":4},"end":{"line":150,"column":17}},"63":{"start":{"line":152,"column":2},"end":{"line":166,"column":5}},"64":{"start":{"line":153,"column":4},"end":{"line":153,"column":17}},"65":{"start":{"line":154,"column":4},"end":{"line":156,"column":5}},"66":{"start":{"line":155,"column":6},"end":{"line":155,"column":40}},"67":{"start":{"line":157,"column":4},"end":{"line":165,"column":5}},"68":{"start":{"line":158,"column":16},"end":{"line":158,"column":56}},"69":{"start":{"line":160,"column":6},"end":{"line":164,"column":7}},"70":{"start":{"line":161,"column":8},"end":{"line":161,"column":35}},"71":{"start":{"line":162,"column":8},"end":{"line":162,"column":22}},"72":{"start":{"line":163,"column":8},"end":{"line":163,"column":30}},"73":{"start":{"line":167,"column":2},"end":{"line":169,"column":5}},"74":{"start":{"line":168,"column":4},"end":{"line":168,"column":17}},"75":{"start":{"line":170,"column":2},"end":{"line":186,"column":5}},"76":{"start":{"line":171,"column":4},"end":{"line":184,"column":5}},"77":{"start":{"line":172,"column":6},"end":{"line":172,"column":70}},"78":{"start":{"line":174,"column":6},"end":{"line":174,"column":37}},"79":{"start":{"line":175,"column":6},"end":{"line":175,"column":28}},"80":{"start":{"line":176,"column":6},"end":{"line":176,"column":20}},"81":{"start":{"line":178,"column":6},"end":{"line":178,"column":40}},"82":{"start":{"line":185,"column":4},"end":{"line":185,"column":17}},"83":{"start":{"line":189,"column":20},"end":{"line":199,"column":1}},"84":{"start":{"line":190,"column":21},"end":{"line":190,"column":23}},"85":{"start":{"line":191,"column":2},"end":{"line":197,"column":3}},"86":{"start":{"line":192,"column":4},"end":{"line":196,"column":5}},"87":{"start":{"line":193,"column":6},"end":{"line":193,"column":43}},"88":{"start":{"line":195,"column":6},"end":{"line":195,"column":52}},"89":{"start":{"line":198,"column":2},"end":{"line":198,"column":40}},"90":{"start":{"line":201,"column":19},"end":{"line":209,"column":1}},"91":{"start":{"line":202,"column":21},"end":{"line":202,"column":23}},"92":{"start":{"line":204,"column":2},"end":{"line":206,"column":3}},"93":{"start":{"line":205,"column":4},"end":{"line":205,"column":46}},"94":{"start":{"line":207,"column":12},"end":{"line":207,"column":51}},"95":{"start":{"line":207,"column":42},"end":{"line":207,"column":47}},"96":{"start":{"line":208,"column":2},"end":{"line":208,"column":13}},"97":{"start":{"line":211,"column":28},"end":{"line":224,"column":1}},"98":{"start":{"line":212,"column":2},"end":{"line":212,"column":21}},"99":{"start":{"line":213,"column":2},"end":{"line":223,"column":3}},"100":{"start":{"line":214,"column":4},"end":{"line":214,"column":13}},"101":{"start":{"line":216,"column":17},"end":{"line":216,"column":19}},"102":{"start":{"line":217,"column":4},"end":{"line":221,"column":5}},"103":{"start":{"line":218,"column":6},"end":{"line":218,"column":21}},"104":{"start":{"line":220,"column":6},"end":{"line":220,"column":22}},"105":{"start":{"line":222,"column":4},"end":{"line":222,"column":21}},"106":{"start":{"line":226,"column":19},"end":{"line":231,"column":1}},"107":{"start":{"line":227,"column":21},"end":{"line":227,"column":32}},"108":{"start":{"line":228,"column":21},"end":{"line":228,"column":72}},"109":{"start":{"line":230,"column":2},"end":{"line":230,"column":28}},"110":{"start":{"line":232,"column":15},"end":{"line":239,"column":1}},"111":{"start":{"line":234,"column":4},"end":{"line":234,"column":189}},"112":{"start":{"line":235,"column":4},"end":{"line":235,"column":76}},"113":{"start":{"line":236,"column":4},"end":{"line":236,"column":70}},"114":{"start":{"line":238,"column":2},"end":{"line":238,"column":34}},"115":{"start":{"line":241,"column":17},"end":{"line":254,"column":1}},"116":{"start":{"line":242,"column":25},"end":{"line":242,"column":53}},"117":{"start":{"line":243,"column":22},"end":{"line":243,"column":69}},"118":{"start":{"line":244,"column":22},"end":{"line":244,"column":50}},"119":{"start":{"line":246,"column":2},"end":{"line":246,"column":24}},"120":{"start":{"line":247,"column":2},"end":{"line":247,"column":24}},"121":{"start":{"line":248,"column":2},"end":{"line":248,"column":34}},"122":{"start":{"line":249,"column":2},"end":{"line":253,"column":3}},"123":{"start":{"line":250,"column":4},"end":{"line":250,"column":48}},"124":{"start":{"line":252,"column":4},"end":{"line":252,"column":49}},"125":{"start":{"line":256,"column":30},"end":{"line":259,"column":1}},"126":{"start":{"line":257,"column":14},"end":{"line":257,"column":36}},"127":{"start":{"line":258,"column":2},"end":{"line":258,"column":29}},"128":{"start":{"line":261,"column":0},"end":{"line":264,"column":2}},"129":{"start":{"line":262,"column":2},"end":{"line":262,"column":63}},"130":{"start":{"line":263,"column":2},"end":{"line":263,"column":22}},"131":{"start":{"line":265,"column":0},"end":{"line":265,"column":7}}},"fnMap":{"0":{"name":"(anonymous_0)","decl":{"start":{"line":67,"column":13},"end":{"line":67,"column":14}},"loc":{"start":{"line":67,"column":19},"end":{"line":76,"column":1}},"line":67},"1":{"name":"holdUntilLoad","decl":{"start":{"line":80,"column":9},"end":{"line":80,"column":22}},"loc":{"start":{"line":80,"column":25},"end":{"line":187,"column":1}},"line":80},"2":{"name":"(anonymous_2)","decl":{"start":{"line":81,"column":24},"end":{"line":81,"column":25}},"loc":{"start":{"line":81,"column":37},"end":{"line":87,"column":3}},"line":81},"3":{"name":"(anonymous_3)","decl":{"start":{"line":90,"column":23},"end":{"line":90,"column":24}},"loc":{"start":{"line":90,"column":38},"end":{"line":130,"column":3}},"line":90},"4":{"name":"(anonymous_4)","decl":{"start":{"line":131,"column":22},"end":{"line":131,"column":23}},"loc":{"start":{"line":131,"column":35},"end":{"line":145,"column":3}},"line":131},"5":{"name":"(anonymous_5)","decl":{"start":{"line":146,"column":24},"end":{"line":146,"column":25}},"loc":{"start":{"line":146,"column":37},"end":{"line":151,"column":3}},"line":146},"6":{"name":"(anonymous_6)","decl":{"start":{"line":152,"column":24},"end":{"line":152,"column":25}},"loc":{"start":{"line":152,"column":37},"end":{"line":166,"column":3}},"line":152},"7":{"name":"(anonymous_7)","decl":{"start":{"line":167,"column":23},"end":{"line":167,"column":24}},"loc":{"start":{"line":167,"column":36},"end":{"line":169,"column":3}},"line":167},"8":{"name":"(anonymous_8)","decl":{"start":{"line":170,"column":19},"end":{"line":170,"column":20}},"loc":{"start":{"line":170,"column":32},"end":{"line":186,"column":3}},"line":170},"9":{"name":"(anonymous_9)","decl":{"start":{"line":189,"column":20},"end":{"line":189,"column":21}},"loc":{"start":{"line":189,"column":26},"end":{"line":199,"column":1}},"line":189},"10":{"name":"(anonymous_10)","decl":{"start":{"line":201,"column":19},"end":{"line":201,"column":20}},"loc":{"start":{"line":201,"column":25},"end":{"line":209,"column":1}},"line":201},"11":{"name":"(anonymous_11)","decl":{"start":{"line":207,"column":32},"end":{"line":207,"column":33}},"loc":{"start":{"line":207,"column":42},"end":{"line":207,"column":47}},"line":207},"12":{"name":"(anonymous_12)","decl":{"start":{"line":211,"column":28},"end":{"line":211,"column":29}},"loc":{"start":{"line":211,"column":34},"end":{"line":224,"column":1}},"line":211},"13":{"name":"(anonymous_13)","decl":{"start":{"line":226,"column":19},"end":{"line":226,"column":20}},"loc":{"start":{"line":226,"column":35},"end":{"line":231,"column":1}},"line":226},"14":{"name":"(anonymous_14)","decl":{"start":{"line":232,"column":15},"end":{"line":232,"column":16}},"loc":{"start":{"line":232,"column":21},"end":{"line":239,"column":1}},"line":232},"15":{"name":"successMessage","decl":{"start":{"line":233,"column":11},"end":{"line":233,"column":25}},"loc":{"start":{"line":233,"column":28},"end":{"line":237,"column":3}},"line":233},"16":{"name":"(anonymous_16)","decl":{"start":{"line":241,"column":17},"end":{"line":241,"column":18}},"loc":{"start":{"line":241,"column":27},"end":{"line":254,"column":1}},"line":241},"17":{"name":"(anonymous_17)","decl":{"start":{"line":256,"column":30},"end":{"line":256,"column":31}},"loc":{"start":{"line":256,"column":37},"end":{"line":259,"column":1}},"line":256},"18":{"name":"(anonymous_18)","decl":{"start":{"line":261,"column":23},"end":{"line":261,"column":24}},"loc":{"start":{"line":261,"column":43},"end":{"line":264,"column":1}},"line":261}},"branchMap":{"0":{"loc":{"start":{"line":93,"column":4},"end":{"line":129,"column":5}},"type":"if","locations":[{"start":{"line":93,"column":4},"end":{"line":129,"column":5}},{"start":{"line":93,"column":4},"end":{"line":129,"column":5}}],"line":93},"1":{"loc":{"start":{"line":93,"column":8},"end":{"line":93,"column":30}},"type":"binary-expr","locations":[{"start":{"line":93,"column":8},"end":{"line":93,"column":21}},{"start":{"line":93,"column":25},"end":{"line":93,"column":30}}],"line":93},"2":{"loc":{"start":{"line":94,"column":6},"end":{"line":114,"column":7}},"type":"if","locations":[{"start":{"line":94,"column":6},"end":{"line":114,"column":7}},{"start":{"line":94,"column":6},"end":{"line":114,"column":7}}],"line":94},"3":{"loc":{"start":{"line":115,"column":11},"end":{"line":129,"column":5}},"type":"if","locations":[{"start":{"line":115,"column":11},"end":{"line":129,"column":5}},{"start":{"line":115,"column":11},"end":{"line":129,"column":5}}],"line":115},"4":{"loc":{"start":{"line":115,"column":15},"end":{"line":115,"column":38}},"type":"binary-expr","locations":[{"start":{"line":115,"column":15},"end":{"line":115,"column":29}},{"start":{"line":115,"column":33},"end":{"line":115,"column":38}}],"line":115},"5":{"loc":{"start":{"line":122,"column":11},"end":{"line":129,"column":5}},"type":"if","locations":[{"start":{"line":122,"column":11},"end":{"line":129,"column":5}},{"start":{"line":122,"column":11},"end":{"line":129,"column":5}}],"line":122},"6":{"loc":{"start":{"line":122,"column":15},"end":{"line":122,"column":38}},"type":"binary-expr","locations":[{"start":{"line":122,"column":15},"end":{"line":122,"column":28}},{"start":{"line":122,"column":32},"end":{"line":122,"column":38}}],"line":122},"7":{"loc":{"start":{"line":134,"column":4},"end":{"line":140,"column":5}},"type":"if","locations":[{"start":{"line":134,"column":4},"end":{"line":140,"column":5}},{"start":{"line":134,"column":4},"end":{"line":140,"column":5}}],"line":134},"8":{"loc":{"start":{"line":147,"column":4},"end":{"line":149,"column":5}},"type":"if","locations":[{"start":{"line":147,"column":4},"end":{"line":149,"column":5}},{"start":{"line":147,"column":4},"end":{"line":149,"column":5}}],"line":147},"9":{"loc":{"start":{"line":154,"column":4},"end":{"line":156,"column":5}},"type":"if","locations":[{"start":{"line":154,"column":4},"end":{"line":156,"column":5}},{"start":{"line":154,"column":4},"end":{"line":156,"column":5}}],"line":154},"10":{"loc":{"start":{"line":157,"column":4},"end":{"line":165,"column":5}},"type":"if","locations":[{"start":{"line":157,"column":4},"end":{"line":165,"column":5}},{"start":{"line":157,"column":4},"end":{"line":165,"column":5}}],"line":157},"11":{"loc":{"start":{"line":160,"column":6},"end":{"line":164,"column":7}},"type":"if","locations":[{"start":{"line":160,"column":6},"end":{"line":164,"column":7}},{"start":{"line":160,"column":6},"end":{"line":164,"column":7}}],"line":160},"12":{"loc":{"start":{"line":171,"column":4},"end":{"line":184,"column":5}},"type":"if","locations":[{"start":{"line":171,"column":4},"end":{"line":184,"column":5}},{"start":{"line":171,"column":4},"end":{"line":184,"column":5}}],"line":171},"13":{"loc":{"start":{"line":171,"column":8},"end":{"line":171,"column":79}},"type":"binary-expr","locations":[{"start":{"line":171,"column":8},"end":{"line":171,"column":41}},{"start":{"line":171,"column":45},"end":{"line":171,"column":79}}],"line":171},"14":{"loc":{"start":{"line":192,"column":4},"end":{"line":196,"column":5}},"type":"if","locations":[{"start":{"line":192,"column":4},"end":{"line":196,"column":5}},{"start":{"line":192,"column":4},"end":{"line":196,"column":5}}],"line":192},"15":{"loc":{"start":{"line":213,"column":2},"end":{"line":223,"column":3}},"type":"if","locations":[{"start":{"line":213,"column":2},"end":{"line":223,"column":3}},{"start":{"line":213,"column":2},"end":{"line":223,"column":3}}],"line":213},"16":{"loc":{"start":{"line":217,"column":4},"end":{"line":221,"column":5}},"type":"if","locations":[{"start":{"line":217,"column":4},"end":{"line":221,"column":5}},{"start":{"line":217,"column":4},"end":{"line":221,"column":5}}],"line":217},"17":{"loc":{"start":{"line":249,"column":2},"end":{"line":253,"column":3}},"type":"if","locations":[{"start":{"line":249,"column":2},"end":{"line":253,"column":3}},{"start":{"line":249,"column":2},"end":{"line":253,"column":3}}],"line":249}},"s":{"0":0,"1":0,"2":0,"3":0,"4":0,"5":0,"6":0,"7":0,"8":0,"9":0,"10":0,"11":0,"12":0,"13":0,"14":0,"15":0,"16":0,"17":0,"18":0,"19":0,"20":0,"21":0,"22":0,"23":0,"24":0,"25":0,"26":0,"27":0,"28":0,"29":0,"30":0,"31":0,"32":0,"33":0,"34":0,"35":0,"36":0,"37":0,"38":0,"39":0,"40":0,"41":0,"42":0,"43":0,"44":0,"45":0,"46":0,"47":0,"48":0,"49":0,"50":0,"51":0,"52":0,"53":0,"54":0,"55":0,"56":0,"57":0,"58":0,"59":0,"60":0,"61":0,"62":0,"63":0,"64":0,"65":0,"66":0,"67":0,"68":0,"69":0,"70":0,"71":0,"72":0,"73":0,"74":0,"75":0,"76":0,"77":0,"78":0,"79":0,"80":0,"81":0,"82":0,"83":0,"84":0,"85":0,"86":0,"87":0,"88":0,"89":0,"90":0,"91":0,"92":0,"93":0,"94":0,"95":0,"96":0,"97":0,"98":0,"99":0,"100":0,"101":0,"102":0,"103":0,"104":0,"105":0,"106":0,"107":0,"108":0,"109":0,"110":0,"111":0,"112":0,"113":0,"114":0,"115":0,"116":0,"117":0,"118":0,"119":0,"120":0,"121":0,"122":0,"123":0,"124":0,"125":0,"126":0,"127":0,"128":0,"129":0,"130":0,"131":0},"f":{"0":0,"1":0,"2":0,"3":0,"4":0,"5":0,"6":0,"7":0,"8":0,"9":0,"10":0,"11":0,"12":0,"13":0,"14":0,"15":0,"16":0,"17":0,"18":0},"b":{"0":[0,0],"1":[0,0],"2":[0,0],"3":[0,0],"4":[0,0],"5":[0,0],"6":[0,0],"7":[0,0],"8":[0,0],"9":[0,0],"10":[0,0],"11":[0,0],"12":[0,0],"13":[0,0],"14":[0,0],"15":[0,0],"16":[0,0],"17":[0,0]}}
,"/Users/shawntuttle/apps/hungry-monster-pre-react/src/js/numbers.js": {"path":"/Users/shawntuttle/apps/hungry-monster-pre-react/src/js/numbers.js","statementMap":{"0":{"start":{"line":1,"column":20},"end":{"line":15,"column":3}},"1":{"start":{"line":3,"column":2},"end":{"line":13,"column":8}},"2":{"start":{"line":6,"column":6},"end":{"line":6,"column":65}},"3":{"start":{"line":7,"column":6},"end":{"line":7,"column":29}},"4":{"start":{"line":9,"column":6},"end":{"line":9,"column":46}},"5":{"start":{"line":11,"column":6},"end":{"line":11,"column":45}},"6":{"start":{"line":17,"column":0},"end":{"line":17,"column":31}}},"fnMap":{"0":{"name":"(anonymous_0)","decl":{"start":{"line":1,"column":20},"end":{"line":1,"column":21}},"loc":{"start":{"line":1,"column":32},"end":{"line":15,"column":1}},"line":1},"1":{"name":"(anonymous_1)","decl":{"start":{"line":5,"column":12},"end":{"line":5,"column":13}},"loc":{"start":{"line":5,"column":24},"end":{"line":13,"column":5}},"line":5}},"branchMap":{},"s":{"0":0,"1":0,"2":0,"3":0,"4":0,"5":0,"6":0},"f":{"0":0,"1":0},"b":{}}
}
